[main] INFO  ebanking  - URL is opened
[main] INFO  ebanking  - Entered Username
[main] INFO  ebanking  - Entered Password
[main] INFO  ebanking  - Login Test Failed
[main] INFO  ebanking  - URL is opened
[main] INFO  ebanking  - Entered Username
[main] INFO  ebanking  - Entered Password
[main] INFO  ebanking  - Login Test Failed
[main] INFO  ebanking  - URL is opened
[main] INFO  ebanking  - Entered Username
[main] INFO  ebanking  - Entered Password
[main] INFO  ebanking  - Login Test Failed
[main] INFO  ebanking  - URL is opened
[main] INFO  ebanking  - Entered Username
[main] INFO  ebanking  - Entered Password
[main] INFO  ebanking  - Login Test Passed
[main] INFO  ebanking  - URL is opened
[main] INFO  ebanking  - Entered Username
[main] INFO  ebanking  - Entered Password
[main] INFO  ebanking  - Login Test Passed
[main] INFO  ebanking  - URL is opened
[main] INFO  ebanking  - Entered Username
[main] INFO  ebanking  - Entered Password
[main] INFO  ebanking  - Login Test Passed
